<?xml version="1.0" encoding="UTF-8"?>
<testng-results ignored="0" total="1" passed="1" failed="0" skipped="0">
  <reporter-output>
  </reporter-output>
  <suite started-at="2022-12-09T08:05:27 NPT" name="Default suite" finished-at="2022-12-09T08:05:40 NPT" duration-ms="12931">
    <groups>
    </groups>
    <test started-at="2022-12-09T08:05:27 NPT" name="Default test" finished-at="2022-12-09T08:05:40 NPT" duration-ms="12931">
      <class name="com.Sushant.Testcases.LoginPageTest">
        <test-method signature="loginApp()[pri:0, instance:com.Sushant.Testcases.LoginPageTest@28f2a10f]" started-at="2022-12-09T08:05:27 NPT" name="loginApp" finished-at="2022-12-09T08:05:40 NPT" duration-ms="12874" status="PASS">
          <reporter-output>
          </reporter-output>
        </test-method> <!-- loginApp -->
      </class> <!-- com.Sushant.Testcases.LoginPageTest -->
    </test> <!-- Default test -->
  </suite> <!-- Default suite -->
</testng-results>
